[06нояб.2025 00:03:36.665] [Server thread/WARN] [net.minecraft.server.network.ServerGamePacketListenerImpl/]: _LightFly_ moved too quickly! -7.36084851162741,0.756759288177264,-6.95594789714437
[06нояб.2025 00:03:36.683] [Server thread/WARN] [net.minecraft.server.network.ServerGamePacketListenerImpl/]: qu1xxxy moved too quickly! 5.785830047761237,0.37870315946079813,8.440495667832458
[06нояб.2025 00:03:36.688] [Server thread/WARN] [net.minecraft.server.MinecraftServer/]: Can't keep up! Is the server overloaded? Running 83428ms or 1668 ticks behind
[06нояб.2025 00:03:40.676] [Server thread/WARN] [net.minecraft.server.network.ServerGamePacketListenerImpl/]: _LightFly_ was kicked for floating too long!
[06нояб.2025 00:03:40.726] [Server thread/INFO] [net.minecraft.server.network.ServerGamePacketListenerImpl/]: _LightFly_ lost connection: Flying is not enabled on this server
[06нояб.2025 00:03:40.726] [Server thread/INFO] [net.minecraft.server.MinecraftServer/]: _LightFly_ left the game
[06нояб.2025 00:03:55.936] [Server thread/INFO] [net.minecraft.server.network.ServerGamePacketListenerImpl/]: qu1xxxy lost connection: Disconnected
[06нояб.2025 00:03:55.937] [Server thread/INFO] [net.minecraft.server.MinecraftServer/]: qu1xxxy left the game
[06нояб.2025 00:03:55.927] [Netty Server IO #16/WARN] [net.minecraft.network.PacketSendListener/]: Failed to deliver packet, sending fallback clientbound/minecraft:system_chat
java.io.IOException: Connection reset by peer
	at java.base/sun.nio.ch.SocketDispatcher.writev0(Native Method) ~[?:?]
	at java.base/sun.nio.ch.SocketDispatcher.writev(SocketDispatcher.java:58) ~[?:?]
	at java.base/sun.nio.ch.IOUtil.write(IOUtil.java:227) ~[?:?]
	at java.base/sun.nio.ch.IOUtil.write(IOUtil.java:158) ~[?:?]
	at java.base/sun.nio.ch.SocketChannelImpl.implWrite(SocketChannelImpl.java:593) ~[?:?]
	at java.base/sun.nio.ch.SocketChannelImpl.write(SocketChannelImpl.java:627) ~[?:?]
	at SECURE-BOOTSTRAP/io.netty.transport@4.1.118.Final/io.netty.channel.socket.nio.NioSocketChannel.doWrite(NioSocketChannel.java:429) ~[netty-transport-4.1.118.Final.jar!/:4.1.118.Final]
	at SECURE-BOOTSTRAP/io.netty.transport@4.1.118.Final/io.netty.channel.AbstractChannel$AbstractUnsafe.flush0(AbstractChannel.java:929) [netty-transport-4.1.118.Final.jar!/:4.1.118.Final]
	at SECURE-BOOTSTRAP/io.netty.transport@4.1.118.Final/io.netty.channel.nio.AbstractNioChannel$AbstractNioUnsafe.forceFlush(AbstractNioChannel.java:366) [netty-transport-4.1.118.Final.jar!/:4.1.118.Final]
	at SECURE-BOOTSTRAP/io.netty.transport@4.1.118.Final/io.netty.channel.nio.NioEventLoop.processSelectedKey(NioEventLoop.java:790) [netty-transport-4.1.118.Final.jar!/:4.1.118.Final]
	at SECURE-BOOTSTRAP/io.netty.transport@4.1.118.Final/io.netty.channel.nio.NioEventLoop.processSelectedKeysOptimized(NioEventLoop.java:732) [netty-transport-4.1.118.Final.jar!/:4.1.118.Final]
	at SECURE-BOOTSTRAP/io.netty.transport@4.1.118.Final/io.netty.channel.nio.NioEventLoop.processSelectedKeys(NioEventLoop.java:658) [netty-transport-4.1.118.Final.jar!/:4.1.118.Final]
	at SECURE-BOOTSTRAP/io.netty.transport@4.1.118.Final/io.netty.channel.nio.NioEventLoop.run(NioEventLoop.java:562) [netty-transport-4.1.118.Final.jar!/:4.1.118.Final]
	at SECURE-BOOTSTRAP/io.netty.common@4.1.118.Final/io.netty.util.concurrent.SingleThreadEventExecutor$4.run(SingleThreadEventExecutor.java:998) [netty-common-4.1.118.Final.jar!/:4.1.118.Final]
	at SECURE-BOOTSTRAP/io.netty.common@4.1.118.Final/io.netty.util.internal.ThreadExecutorMap$2.run(ThreadExecutorMap.java:74) [netty-common-4.1.118.Final.jar!/:4.1.118.Final]
	at java.base/java.lang.Thread.run(Thread.java:1447) [?:?]
[06нояб.2025 00:04:03.971] [Server thread/INFO] [net.minecraft.server.players.PlayerList/]: qu1xxxy[/92.63.76.75:52733] logged in with entity id 138668 at (357.93173021236873, 64.5, 62.80807954658984)
[06нояб.2025 00:04:03.983] [Server thread/INFO] [net.minecraft.server.MinecraftServer/]: qu1xxxy joined the game
[06нояб.2025 00:09:15.202] [Server thread/INFO] [net.minecraft.server.players.PlayerList/]: duh[/192.168.0.4:62096] logged in with entity id 140272 at (-6490.824800666205, -8.0, 2063.3006639528367)
[06нояб.2025 00:09:15.202] [Server thread/INFO] [net.minecraft.server.MinecraftServer/]: duh joined the game
[06нояб.2025 00:14:42.083] [Server thread/INFO] [net.minecraft.server.MinecraftServer/]: Incorrect argument for command
[06нояб.2025 00:14:42.086] [Server thread/INFO] [net.minecraft.server.MinecraftServer/]: tp duh \qu1xxxy<--[HERE]
[06нояб.2025 00:14:47.134] [Server thread/INFO] [net.minecraft.server.MinecraftServer/]: Teleported duh to qu1xxxy
[06нояб.2025 00:15:13.715] [Server thread/INFO] [net.minecraft.server.players.PlayerList/]: _LightFly_[/176.119.22.51:14229] logged in with entity id 142309 at (-6647.880040462363, 89.25220334025373, 1838.530124889907)
[06нояб.2025 00:15:13.718] [Server thread/INFO] [net.minecraft.server.MinecraftServer/]: _LightFly_ joined the game
[06нояб.2025 00:21:22.290] [Server thread/INFO] [net.minecraft.server.MinecraftServer/]: Teleported duh to -6499.500000, -8.000000, 2060.500000
[06нояб.2025 00:22:24.635] [Server thread/INFO] [net.minecraft.server.MinecraftServer/]: Teleported _LightFly_ to duh
[06нояб.2025 00:30:27.832] [Server thread/INFO] [net.minecraft.world.entity.npc.Villager/]: Villager Villager['Farmer'/147971, l='ServerLevel[world]', x=356.72, y=67.50, z=77.70] died, message: 'Farmer was impaled by Drowned'
[06нояб.2025 00:31:24.086] [Server thread/INFO] [net.minecraft.world.entity.npc.Villager/]: Villager Villager['Shepherd'/147976, l='ServerLevel[world]', x=381.86, y=63.00, z=13.74] died, message: 'Shepherd was impaled by Drowned'
[06нояб.2025 00:31:40.117] [Server thread/INFO] [net.minecraft.world.entity.npc.Villager/]: Villager Villager['Villager'/147645, l='ServerLevel[world]', x=368.39, y=62.38, z=-10.40] died, message: 'Villager tried to swim in lava to escape Zombie Villager'
[06нояб.2025 00:31:43.780] [Server thread/INFO] [net.minecraft.world.entity.npc.Villager/]: Villager Villager['Villager'/147644, l='ServerLevel[world]', x=366.25, y=64.00, z=-1.90] died, message: 'Villager was impaled by Drowned'
[06нояб.2025 00:34:38.531] [Server thread/INFO] [net.minecraft.server.network.ServerGamePacketListenerImpl/]: qu1xxxy lost connection: Disconnected
[06нояб.2025 00:34:38.532] [Server thread/INFO] [net.minecraft.server.MinecraftServer/]: qu1xxxy left the game
[06нояб.2025 00:41:27.166] [Server thread/INFO] [net.minecraft.world.entity.npc.Villager/]: Villager Villager['Villager'/151201, l='ServerLevel[world]', x=-6418.49, y=64.94, z=1851.70] died, message: 'Villager was burned to a crisp while fighting Zombie'
[06нояб.2025 01:36:03.675] [Server thread/INFO] [net.minecraft.server.MinecraftServer/]: duh was blown up by Creeper
[06нояб.2025 01:36:25.728] [Server thread/INFO] [net.minecraft.server.MinecraftServer/]: Teleported duh to _LightFly_
[06нояб.2025 01:38:10.373] [Server thread/INFO] [net.minecraft.server.MinecraftServer/]: _LightFly_ was killed by Witch using magic
[06нояб.2025 01:51:36.961] [Server thread/INFO] [net.minecraft.server.MinecraftServer/]: duh has made the advancement [Stay Hydrated!]
[06нояб.2025 01:51:50.618] [Server thread/INFO] [net.minecraft.server.MinecraftServer/]: [Not Secure] <_LightFly_> Снег ?
[06нояб.2025 01:54:11.225] [Server thread/WARN] [net.minecraft.server.level.ServerPlayerGameMode/]: Mismatch in destroy block pos: BlockPos{x=-6851, y=117, z=2034} BlockPos{x=-6848, y=117, z=2036}
[06нояб.2025 01:54:11.276] [Server thread/WARN] [net.minecraft.server.level.ServerPlayerGameMode/]: Mismatch in destroy block pos: BlockPos{x=-6851, y=117, z=2034} BlockPos{x=-6848, y=117, z=2036}
[06нояб.2025 01:54:11.325] [Server thread/WARN] [net.minecraft.server.level.ServerPlayerGameMode/]: Mismatch in destroy block pos: BlockPos{x=-6851, y=117, z=2034} BlockPos{x=-6848, y=117, z=2036}
[06нояб.2025 01:54:11.375] [Server thread/WARN] [net.minecraft.server.level.ServerPlayerGameMode/]: Mismatch in destroy block pos: BlockPos{x=-6852, y=117, z=2034} BlockPos{x=-6848, y=117, z=2036}
[06нояб.2025 01:54:11.426] [Server thread/WARN] [net.minecraft.server.level.ServerPlayerGameMode/]: Mismatch in destroy block pos: BlockPos{x=-6852, y=117, z=2034} BlockPos{x=-6848, y=117, z=2036}
[06нояб.2025 01:54:11.476] [Server thread/WARN] [net.minecraft.server.level.ServerPlayerGameMode/]: Mismatch in destroy block pos: BlockPos{x=-6852, y=117, z=2034} BlockPos{x=-6848, y=117, z=2036}
[06нояб.2025 01:54:11.526] [Server thread/WARN] [net.minecraft.server.level.ServerPlayerGameMode/]: Mismatch in destroy block pos: BlockPos{x=-6852, y=117, z=2034} BlockPos{x=-6848, y=117, z=2036}
[06нояб.2025 01:54:11.610] [Server thread/WARN] [net.minecraft.server.level.ServerPlayerGameMode/]: Mismatch in destroy block pos: BlockPos{x=-6852, y=117, z=2034} BlockPos{x=-6848, y=117, z=2036}
[06нояб.2025 01:54:11.630] [Server thread/WARN] [net.minecraft.server.level.ServerPlayerGameMode/]: Mismatch in destroy block pos: BlockPos{x=-6852, y=117, z=2034} BlockPos{x=-6848, y=117, z=2036}
[06нояб.2025 01:54:11.677] [Server thread/WARN] [net.minecraft.server.level.ServerPlayerGameMode/]: Mismatch in destroy block pos: BlockPos{x=-6852, y=117, z=2034} BlockPos{x=-6848, y=117, z=2036}
[06нояб.2025 01:54:11.760] [Server thread/WARN] [net.minecraft.server.level.ServerPlayerGameMode/]: Mismatch in destroy block pos: BlockPos{x=-6852, y=117, z=2034} BlockPos{x=-6848, y=117, z=2036}
[06нояб.2025 01:54:11.779] [Server thread/WARN] [net.minecraft.server.level.ServerPlayerGameMode/]: Mismatch in destroy block pos: BlockPos{x=-6852, y=117, z=2034} BlockPos{x=-6848, y=117, z=2036}
[06нояб.2025 01:54:11.826] [Server thread/WARN] [net.minecraft.server.level.ServerPlayerGameMode/]: Mismatch in destroy block pos: BlockPos{x=-6852, y=117, z=2034} BlockPos{x=-6848, y=117, z=2036}
[06нояб.2025 01:54:13.111] [Server thread/WARN] [net.minecraft.server.level.ServerPlayerGameMode/]: Mismatch in destroy block pos: BlockPos{x=-6852, y=112, z=2033} BlockPos{x=-6853, y=112, z=2033}
[06нояб.2025 01:54:17.228] [Server thread/WARN] [net.minecraft.server.level.ServerPlayerGameMode/]: Mismatch in destroy block pos: BlockPos{x=-6852, y=111, z=2030} BlockPos{x=-6852, y=110, z=2031}
[06нояб.2025 01:54:20.026] [Server thread/WARN] [net.minecraft.server.level.ServerPlayerGameMode/]: Mismatch in destroy block pos: BlockPos{x=-6853, y=109, z=2030} BlockPos{x=-6853, y=109, z=2028}
[06нояб.2025 01:54:23.027] [Server thread/WARN] [net.minecraft.server.level.ServerPlayerGameMode/]: Mismatch in destroy block pos: BlockPos{x=-6855, y=114, z=2032} BlockPos{x=-6855, y=113, z=2032}
[06нояб.2025 01:55:19.610] [Server thread/INFO] [net.minecraft.server.MinecraftServer/]: duh has made the advancement [A Seedy Place]
[06нояб.2025 01:59:25.117] [Server thread/INFO] [net.minecraft.server.network.ServerGamePacketListenerImpl/]: _LightFly_ lost connection: Disconnected
[06нояб.2025 01:59:25.119] [Server thread/INFO] [net.minecraft.server.MinecraftServer/]: _LightFly_ left the game
[06нояб.2025 02:25:16.114] [Server thread/INFO] [net.minecraft.world.entity.npc.Villager/]: Villager Villager['Nitwit'/186433, l='ServerLevel[world]', x=-6455.53, y=18.00, z=1827.70] died, message: 'Nitwit hit the ground too hard'
[06нояб.2025 02:30:20.468] [Server thread/INFO] [net.minecraft.server.network.ServerGamePacketListenerImpl/]: duh lost connection: Disconnected
[06нояб.2025 02:30:20.469] [Server thread/INFO] [net.minecraft.server.MinecraftServer/]: duh left the game
[06нояб.2025 02:31:20.460] [Server thread/INFO] [net.minecraft.server.MinecraftServer/]: Server empty for 60 seconds, pausing
[06нояб.2025 02:32:08.310] [Server thread/INFO] [net.minecraft.server.MinecraftServer/]: Stopping the server
[06нояб.2025 02:32:08.375] [Server thread/INFO] [net.minecraft.server.MinecraftServer/]: Stopping server
[06нояб.2025 02:32:08.376] [Server thread/INFO] [net.minecraft.server.MinecraftServer/]: Saving players
[06нояб.2025 02:32:08.377] [Server thread/INFO] [net.minecraft.server.MinecraftServer/]: Saving worlds
[06нояб.2025 02:32:08.378] [Server thread/INFO] [net.minecraft.server.MinecraftServer/]: Saving chunks for level 'ServerLevel[world]'/minecraft:overworld
[06нояб.2025 02:32:08.430] [Server thread/INFO] [net.minecraft.server.MinecraftServer/]: Saving chunks for level 'ServerLevel[world]'/minecraft:the_end
[06нояб.2025 02:32:08.436] [Server thread/INFO] [net.minecraft.server.MinecraftServer/]: Saving chunks for level 'ServerLevel[world]'/minecraft:the_nether
[06нояб.2025 02:32:08.486] [Server thread/INFO] [net.minecraft.server.MinecraftServer/]: ThreadedAnvilChunkStorage (world): All chunks are saved
[06нояб.2025 02:32:08.487] [Server thread/INFO] [net.minecraft.server.MinecraftServer/]: ThreadedAnvilChunkStorage (DIM1): All chunks are saved
[06нояб.2025 02:32:08.488] [Server thread/INFO] [net.minecraft.server.MinecraftServer/]: ThreadedAnvilChunkStorage (DIM-1): All chunks are saved
[06нояб.2025 02:32:08.489] [Server thread/INFO] [net.minecraft.server.MinecraftServer/]: ThreadedAnvilChunkStorage: All dimensions are saved
